<?xml version="1.0" encoding="UTF-8"?>
<!-- Generated by org.testng.reporters.JUnitXMLReporter -->
<testsuite ignored="0" hostname="DESKTOP-LLRELV1" failures="0" tests="7" name="my tests" time="5.824" errors="0" timestamp="2025-01-19T12:41:10 IST">
  <testcase classname="TestNG1.OrangeHRMTest" name="openapp" time="4.566"/>
  <testcase classname="TestNG1.FirstRestCase" name="openapp" time="0.003"/>
  <testcase classname="TestNG1.FirstRestCase" name="login" time="0.003"/>
  <testcase classname="TestNG1.OrangeHRMTest" name="testLogo" time="0.4"/>
  <testcase classname="TestNG1.OrangeHRMTest" name="login" time="0.322"/>
  <testcase classname="TestNG1.FirstRestCase" name="logout" time="0.004"/>
  <testcase classname="TestNG1.OrangeHRMTest" name="logout" time="0.434"/>
</testsuite> <!-- my tests -->
