<?xml version="1.0" encoding="UTF-8"?>
<!-- Generated by org.testng.reporters.JUnitXMLReporter -->
<testsuite ignored="6" hostname="DESKTOP-LLRELV1" failures="0" tests="2" name="groupingtests" time="0.091" errors="0" timestamp="2025-01-19T13:09:14 IST">
  <testcase classname="TestNG2.PaymentTests" name="paymentInRupees" time="0.018"/>
  <testcase classname="TestNG2.PaymentTests" name="paymentInDollars" time="0.002"/>
  <testcase classname="TestNG2.SignupTests" name="signupByEmail" time="0.0">
    <ignored/>
  </testcase> <!-- signupByEmail -->
  <testcase classname="TestNG2.SignupTests" name="signupBytwitter" time="0.0">
    <ignored/>
  </testcase> <!-- signupBytwitter -->
  <testcase classname="TestNG2.LoginTests" name="loginByEmail" time="0.0">
    <ignored/>
  </testcase> <!-- loginByEmail -->
  <testcase classname="TestNG2.SignupTests" name="signupByFacebook" time="0.0">
    <ignored/>
  </testcase> <!-- signupByFacebook -->
  <testcase classname="TestNG2.LoginTests" name="loginBytwitter" time="0.0">
    <ignored/>
  </testcase> <!-- loginBytwitter -->
  <testcase classname="TestNG2.LoginTests" name="loginByFacebook" time="0.0">
    <ignored/>
  </testcase> <!-- loginByFacebook -->
</testsuite> <!-- groupingtests -->
