<?xml version="1.0" encoding="UTF-8"?>
<!-- Generated by org.testng.reporters.JUnitXMLReporter -->
<testsuite ignored="5" hostname="DESKTOP-LLRELV1" failures="0" tests="3" name="Test1" time="0.074" errors="0" timestamp="2024-09-30T18:45:41 PDT">
  <testcase classname="TestNG2.LoginTests" name="loginByEmail" time="0.009"/>
  <testcase classname="TestNG2.LoginTests" name="loginByFacebook" time="0.001"/>
  <testcase classname="TestNG2.LoginTests" name="loginBytwitter" time="0.002"/>
  <testcase classname="TestNG2.SignupTests" name="signupBytwitter" time="0.0">
    <ignored/>
  </testcase> <!-- signupBytwitter -->
  <testcase classname="TestNG2.SignupTests" name="signupByEmail" time="0.0">
    <ignored/>
  </testcase> <!-- signupByEmail -->
  <testcase classname="TestNG2.PaymentTests" name="paymentInRupees" time="0.0">
    <ignored/>
  </testcase> <!-- paymentInRupees -->
  <testcase classname="TestNG2.SignupTests" name="signupByFacebook" time="0.0">
    <ignored/>
  </testcase> <!-- signupByFacebook -->
  <testcase classname="TestNG2.PaymentTests" name="paymentInDollars" time="0.0">
    <ignored/>
  </testcase> <!-- paymentInDollars -->
</testsuite> <!-- Test1 -->
