<?xml version="1.0" encoding="UTF-8"?>
<!-- Generated by org.testng.reporters.JUnitXMLReporter -->
<testsuite ignored="0" hostname="DESKTOP-LLRELV1" failures="0" tests="3" name="chromeTest" time="11.582" errors="0" timestamp="2025-01-19T15:01:52 IST">
  <testcase classname="TestNG3.ParamTest" name="testLogo" time="0.056"/>
  <testcase classname="TestNG3.ParamTest" name="testTitle" time="0.011"/>
  <testcase classname="TestNG3.ParamTest" name="testUrl" time="0.013"/>
</testsuite> <!-- chromeTest -->
