<?xml version="1.0" encoding="UTF-8"?>
<!-- Generated by org.testng.reporters.JUnitXMLReporter -->
<testsuite ignored="0" hostname="DESKTOP-LLRELV1" failures="0" tests="3" name="firefoxTest" time="15.803" errors="0" timestamp="2025-01-19T15:01:56 IST">
  <testcase classname="TestNG3.ParamTest" name="testLogo" time="0.046"/>
  <testcase classname="TestNG3.ParamTest" name="testTitle" time="0.006"/>
  <testcase classname="TestNG3.ParamTest" name="testUrl" time="0.004"/>
</testsuite> <!-- firefoxTest -->
